<?xml version="1.0" encoding="UTF-8"?>
<!-- Generated by org.testng.reporters.JUnitXMLReporter -->
<testsuite ignored="0" hostname="LAPTOP-ALEX" failures="0" tests="7" name="Default test" time="12.642" errors="0" timestamp="2026-01-07T16:06:54 IST">
  <testcase classname="saucedemo_TestCase.FlowTestCase" name="loginTest" time="0.355"/>
  <testcase classname="saucedemo_TestCase.FlowTestCase" name="addTocartTest" time="0.207"/>
  <testcase classname="saucedemo_TestCase.FlowTestCase" name="CartTest" time="1.619"/>
  <testcase classname="saucedemo_TestCase.FlowTestCase" name="checkoutTest" time="0.214"/>
  <testcase classname="saucedemo_TestCase.FlowTestCase" name="OrderSummaryTest" time="0.122"/>
  <testcase classname="saucedemo_TestCase.FlowTestCase" name="ThankYouTest" time="0.08"/>
  <testcase classname="saucedemo_TestCase.FlowTestCase" name="LogoutTest" time="0.166"/>
</testsuite> <!-- Default test -->
