<?xml version="1.0" encoding="UTF-8"?>
<!-- Generated by org.testng.reporters.JUnitXMLReporter -->
<testsuite ignored="0" hostname="LAPTOP-ALEX" failures="0" tests="7" name="Login Functional Tests with Data-Driven" time="12.078" errors="0" timestamp="2026-01-13T16:23:27 IST">
  <testcase classname="saucedemo_TestCase.FlowTestCase" name="loginTest" time="0.334"/>
  <testcase classname="saucedemo_TestCase.FlowTestCase" name="addTocartTest" time="0.183"/>
  <testcase classname="saucedemo_TestCase.FlowTestCase" name="CartTest" time="1.586"/>
  <testcase classname="saucedemo_TestCase.FlowTestCase" name="checkoutTest" time="0.305"/>
  <testcase classname="saucedemo_TestCase.FlowTestCase" name="OrderSummaryTest" time="0.12"/>
  <testcase classname="saucedemo_TestCase.FlowTestCase" name="ThankYouTest" time="0.098"/>
  <testcase classname="saucedemo_TestCase.FlowTestCase" name="LogoutTest" time="0.204"/>
</testsuite> <!-- Login Functional Tests with Data-Driven -->
