<?xml version="1.0" encoding="UTF-8"?>
<!-- Generated by org.testng.reporters.JUnitReportReporter -->
<testsuite hostname="LAPTOP-ALEX" failures="0" tests="7" name="saucedemo_TestCase.FlowTestCase" time="2.777" errors="0" timestamp="2026-01-07T16:06:55 IST" skipped="0">
  <testcase classname="saucedemo_TestCase.FlowTestCase" name="loginTest" time="0.356"/>
  <testcase classname="saucedemo_TestCase.FlowTestCase" name="addTocartTest" time="0.208"/>
  <testcase classname="saucedemo_TestCase.FlowTestCase" name="CartTest" time="1.621"/>
  <testcase classname="saucedemo_TestCase.FlowTestCase" name="checkoutTest" time="0.214"/>
  <testcase classname="saucedemo_TestCase.FlowTestCase" name="OrderSummaryTest" time="0.130"/>
  <testcase classname="saucedemo_TestCase.FlowTestCase" name="ThankYouTest" time="0.081"/>
  <testcase classname="saucedemo_TestCase.FlowTestCase" name="LogoutTest" time="0.167"/>
</testsuite> <!-- saucedemo_TestCase.FlowTestCase -->
