<?xml version="1.0" encoding="UTF-8"?>
<!-- Generated by org.testng.reporters.JUnitReportReporter -->
<testsuite hostname="LAPTOP-ALEX" failures="0" tests="7" name="saucedemo_TestCase.FlowTestCase" time="2.847" errors="0" timestamp="2026-01-13T16:23:27 IST" skipped="0">
  <testcase classname="saucedemo_TestCase.FlowTestCase" name="loginTest" time="0.335"/>
  <testcase classname="saucedemo_TestCase.FlowTestCase" name="addTocartTest" time="0.184"/>
  <testcase classname="saucedemo_TestCase.FlowTestCase" name="CartTest" time="1.587"/>
  <testcase classname="saucedemo_TestCase.FlowTestCase" name="checkoutTest" time="0.306"/>
  <testcase classname="saucedemo_TestCase.FlowTestCase" name="OrderSummaryTest" time="0.131"/>
  <testcase classname="saucedemo_TestCase.FlowTestCase" name="ThankYouTest" time="0.099"/>
  <testcase classname="saucedemo_TestCase.FlowTestCase" name="LogoutTest" time="0.205"/>
</testsuite> <!-- saucedemo_TestCase.FlowTestCase -->
